---------------------------------------------------------------
[ 2017-09-13T09:27:27+08:00 ] ::1 ::1 GET /tp5_demo/admin.php/Login/login.ldf
[ info ] localhost/tp5_demo/admin.php/Login/login.ldf [运行时间：1.698494s][吞吐率：0.59req/s] [内存消耗：3,168.85kb] [文件加载：58]
[ info ] [ DB ] INIT mysql
[ info ] [ SESSION ] INIT array (
  'id' => '',
  'var_session_id' => '',
  'prefix' => 'think',
  'type' => '',
  'auto_start' => true,
)
[ info ] [ CACHE ] INIT File
[ info ] [ LANG ] D:\wamp64\www\tp5_demo\thinkphp\lang\zh-cn.php
[ info ] [ BIND ] 'admin'
[ info ] [ LOG ] INIT File
[ sql ] [ DB ] CONNECT:[ UseTime:0.097106s ] mysql:dbname=yolailatop;host=121.40.199.238;port=3306;charset=utf8
[ sql ] [ SQL ] SHOW COLUMNS FROM `wj_alipay_config` [ RunTime:0.363521s ]
[ sql ] [ SQL ] SELECT `id`,`admin_id`,`partner_id`,`app_id`,`ali_public_key`,`rsa_private_key`,`limit_pay`,`sort`,`is_enabled`,`create_time`,`update_time` FROM `wj_alipay_config` WHERE  `is_enabled` = 1  AND `admin_id` IS NULL [ RunTime:0.063890s ]
[ sql ] [ SQL ] SHOW COLUMNS FROM `wj_cmb_config` [ RunTime:0.067538s ]
[ sql ] [ SQL ] SELECT `id`,`admin_id`,`title`,`branch_no`,`merchant_no`,`mer_key`,`cmb_pub_key`,`op_pwd`,`limit_pay`,`return_url`,`is_enabled`,`sort`,`create_time`,`update_time` FROM `wj_cmb_config` WHERE  `admin_id` IS NULL  AND `is_enabled` = 1 [ RunTime:0.071597s ]
[ sql ] [ SQL ] SHOW COLUMNS FROM `wj_wechat_info` [ RunTime:0.067795s ]
[ sql ] [ SQL ] SELECT `id`,`admin_id`,`title`,`app_id`,`app_secret`,`wechat_type`,`merchant_id`,`key`,`cert_path`,`key_path`,`token`,`aes_key`,`is_enabled`,`sort`,`create_time`,`update_time` FROM `wj_wechat_info` WHERE  `admin_id` IS NULL  AND `is_enabled` = 1 [ RunTime:0.065128s ]
[ sql ] [ SQL ] SHOW COLUMNS FROM `wj_background_menu` [ RunTime:0.070012s ]
[ sql ] [ SQL ] SELECT `id`,`pid`,`action_name`,`route_url` FROM `wj_background_menu` WHERE  `is_enabled` = 1 [ RunTime:0.098236s ]
---------------------------------------------------------------
[ 2017-09-13T09:27:37+08:00 ] ::1 ::1 GET /tp5_demo/admin.php/l.ldf
[ info ] localhost/tp5_demo/admin.php/l.ldf [运行时间：2.012598s][吞吐率：0.50req/s] [内存消耗：3,593.47kb] [文件加载：68]
[ info ] [ DB ] INIT mysql
[ info ] [ SESSION ] INIT array (
  'id' => '',
  'var_session_id' => '',
  'prefix' => 'think',
  'type' => '',
  'auto_start' => true,
)
[ info ] [ CACHE ] INIT File
[ info ] [ LANG ] D:\wamp64\www\tp5_demo\thinkphp\lang\zh-cn.php
[ info ] [ BIND ] 'admin'
[ info ] [ ROUTE ] array (
  'type' => 'module',
  'module' => 
  array (
    0 => 'admin',
    1 => 'Login',
    2 => 'login',
  ),
  'convert' => false,
)
[ info ] [ HEADER ] array (
  'host' => 'localhost',
  'user-agent' => 'Mozilla/5.0 (Windows NT 10.0; WOW64; rv:55.0) Gecko/20100101 Firefox/55.0',
  'accept' => 'text/html,application/xhtml+xml,application/xml;q=0.9,*/*;q=0.8',
  'accept-language' => 'zh-CN,zh;q=0.8,en-US;q=0.5,en;q=0.3',
  'accept-encoding' => 'gzip, deflate',
  'cookie' => 'pgv_pvi=2848518144; PHPSESSID=7d8e6eaadc2564609b82f53ebb3039e4',
  'connection' => 'keep-alive',
  'upgrade-insecure-requests' => '1',
)
[ info ] [ PARAM ] array (
)
[ info ] [ RUN ] app\admin\controller\Login->login[ D:\wamp64\www\tp5_demo\app\admin\controller\Login.php ]
[ info ] [ VIEW ] D:\wamp64\www\tp5_demo/app/admin\view\login\login1.html [ array (
) ]
[ info ] [ LOG ] INIT File
[ sql ] [ DB ] CONNECT:[ UseTime:0.084248s ] mysql:dbname=yolailatop;host=121.40.199.238;port=3306;charset=utf8
[ sql ] [ SQL ] SHOW COLUMNS FROM `wj_alipay_config` [ RunTime:0.061972s ]
[ sql ] [ SQL ] SHOW COLUMNS FROM `wj_cmb_config` [ RunTime:0.060549s ]
[ sql ] [ SQL ] SHOW COLUMNS FROM `wj_wechat_info` [ RunTime:0.060817s ]
[ sql ] [ SQL ] SHOW COLUMNS FROM `wj_background_menu` [ RunTime:0.060734s ]
[ sql ] [ SQL ] SELECT `id`,`pid`,`action_name`,`route_url` FROM `wj_background_menu` WHERE  `is_enabled` = 1 [ RunTime:1.445695s ]
---------------------------------------------------------------
[ 2017-09-13T09:27:37+08:00 ] ::1 ::1 GET /tp5_demo/admin.php/v.ldf
[ info ] localhost/tp5_demo/admin.php/v.ldf [运行时间：0.642351s][吞吐率：1.56req/s] [内存消耗：3,575.74kb] [文件加载：67]
[ info ] [ DB ] INIT mysql
[ info ] [ SESSION ] INIT array (
  'id' => '',
  'var_session_id' => '',
  'prefix' => 'think',
  'type' => '',
  'auto_start' => true,
)
[ info ] [ CACHE ] INIT File
[ info ] [ LANG ] D:\wamp64\www\tp5_demo\thinkphp\lang\zh-cn.php
[ info ] [ BIND ] 'admin'
[ info ] [ ROUTE ] array (
  'type' => 'module',
  'module' => 
  array (
    0 => 'admin',
    1 => 'Login',
    2 => 'loginVerify',
  ),
  'convert' => false,
)
[ info ] [ HEADER ] array (
  'host' => 'localhost',
  'user-agent' => 'Mozilla/5.0 (Windows NT 10.0; WOW64; rv:55.0) Gecko/20100101 Firefox/55.0',
  'accept' => '*/*',
  'accept-language' => 'zh-CN,zh;q=0.8,en-US;q=0.5,en;q=0.3',
  'accept-encoding' => 'gzip, deflate',
  'referer' => 'http://localhost/tp5_demo/admin.php/l.ldf',
  'cookie' => 'pgv_pvi=2848518144; PHPSESSID=7d8e6eaadc2564609b82f53ebb3039e4',
  'connection' => 'keep-alive',
)
[ info ] [ PARAM ] array (
)
[ info ] [ RUN ] app\admin\controller\Login->loginVerify[ D:\wamp64\www\tp5_demo\app\admin\controller\Login.php ]
[ info ] [ LOG ] INIT File
[ sql ] [ DB ] CONNECT:[ UseTime:0.116784s ] mysql:dbname=yolailatop;host=121.40.199.238;port=3306;charset=utf8
[ sql ] [ SQL ] SHOW COLUMNS FROM `wj_alipay_config` [ RunTime:0.086819s ]
[ sql ] [ SQL ] SHOW COLUMNS FROM `wj_cmb_config` [ RunTime:0.075221s ]
[ sql ] [ SQL ] SHOW COLUMNS FROM `wj_wechat_info` [ RunTime:0.077653s ]
[ sql ] [ SQL ] SHOW COLUMNS FROM `wj_background_menu` [ RunTime:0.098624s ]
[ sql ] [ SQL ] SELECT `id`,`pid`,`action_name`,`route_url` FROM `wj_background_menu` WHERE  `is_enabled` = 1 [ RunTime:0.072263s ]
---------------------------------------------------------------
[ 2017-09-13T09:27:39+08:00 ] ::1 ::1 GET /tp5_demo/admin.php/geetest.ldf?t=1505266057420
[ info ] localhost/tp5_demo/admin.php/geetest.ldf?t=1505266057420 [运行时间：1.683659s][吞吐率：0.59req/s] [内存消耗：3,178.00kb] [文件加载：57]
[ info ] [ DB ] INIT mysql
[ info ] [ SESSION ] INIT array (
  'id' => '',
  'var_session_id' => '',
  'prefix' => 'think',
  'type' => '',
  'auto_start' => true,
)
[ info ] [ CACHE ] INIT File
[ info ] [ LANG ] D:\wamp64\www\tp5_demo\thinkphp\lang\zh-cn.php
[ info ] [ BIND ] 'admin'
[ info ] [ ROUTE ] array (
  'type' => 'method',
  'method' => 
  array (
    0 => '\\think\\geetest\\GeetestController',
    1 => 'index',
  ),
  'var' => 
  array (
  ),
)
[ info ] [ HEADER ] array (
  'host' => 'localhost',
  'user-agent' => 'Mozilla/5.0 (Windows NT 10.0; WOW64; rv:55.0) Gecko/20100101 Firefox/55.0',
  'accept' => 'application/json, text/javascript, */*; q=0.01',
  'accept-language' => 'zh-CN,zh;q=0.8,en-US;q=0.5,en;q=0.3',
  'accept-encoding' => 'gzip, deflate',
  'x-requested-with' => 'XMLHttpRequest',
  'referer' => 'http://localhost/tp5_demo/admin.php/l.ldf',
  'cookie' => 'pgv_pvi=2848518144; PHPSESSID=7d8e6eaadc2564609b82f53ebb3039e4',
  'connection' => 'keep-alive',
)
[ info ] [ PARAM ] array (
  't' => '1505266057420',
  'id' => NULL,
)
[ info ] [ RUN ] think\geetest\GeetestController->index[ D:\wamp64\www\tp5_demo\vendor\yfcmf\geetest\src\GeetestController.php ]
[ info ] [ LOG ] INIT File
[ sql ] [ DB ] CONNECT:[ UseTime:0.390176s ] mysql:dbname=yolailatop;host=121.40.199.238;port=3306;charset=utf8
[ sql ] [ SQL ] SHOW COLUMNS FROM `wj_alipay_config` [ RunTime:0.069352s ]
[ sql ] [ SQL ] SHOW COLUMNS FROM `wj_cmb_config` [ RunTime:0.068024s ]
[ sql ] [ SQL ] SHOW COLUMNS FROM `wj_wechat_info` [ RunTime:0.067419s ]
[ sql ] [ SQL ] SHOW COLUMNS FROM `wj_background_menu` [ RunTime:0.067872s ]
[ sql ] [ SQL ] SELECT `id`,`pid`,`action_name`,`route_url` FROM `wj_background_menu` WHERE  `is_enabled` = 1 [ RunTime:0.399665s ]
---------------------------------------------------------------
[ 2017-09-13T09:28:18+08:00 ] 172.25.131.1 172.25.131.1 GET /tp5_demo/admin.php/l.ldf
[ info ] 172.25.131.1/tp5_demo/admin.php/l.ldf [运行时间：1.019080s][吞吐率：0.98req/s] [内存消耗：3,593.38kb] [文件加载：68]
[ info ] [ DB ] INIT mysql
[ info ] [ SESSION ] INIT array (
  'id' => '',
  'var_session_id' => '',
  'prefix' => 'think',
  'type' => '',
  'auto_start' => true,
)
[ info ] [ CACHE ] INIT File
[ info ] [ LANG ] D:\wamp64\www\tp5_demo\thinkphp\lang\zh-cn.php
[ info ] [ BIND ] 'admin'
[ info ] [ ROUTE ] array (
  'type' => 'module',
  'module' => 
  array (
    0 => 'admin',
    1 => 'Login',
    2 => 'login',
  ),
  'convert' => false,
)
[ info ] [ HEADER ] array (
  'host' => '172.25.131.1',
  'user-agent' => 'Mozilla/5.0 (Windows NT 10.0; WOW64; rv:55.0) Gecko/20100101 Firefox/55.0',
  'accept' => 'text/html,application/xhtml+xml,application/xml;q=0.9,*/*;q=0.8',
  'accept-language' => 'zh-CN,zh;q=0.8,en-US;q=0.5,en;q=0.3',
  'accept-encoding' => 'gzip, deflate',
  'connection' => 'keep-alive',
  'upgrade-insecure-requests' => '1',
)
[ info ] [ PARAM ] array (
)
[ info ] [ RUN ] app\admin\controller\Login->login[ D:\wamp64\www\tp5_demo\app\admin\controller\Login.php ]
[ info ] [ VIEW ] D:\wamp64\www\tp5_demo/app/admin\view\login\login1.html [ array (
) ]
[ info ] [ LOG ] INIT File
[ sql ] [ DB ] CONNECT:[ UseTime:0.100372s ] mysql:dbname=yolailatop;host=121.40.199.238;port=3306;charset=utf8
[ sql ] [ SQL ] SHOW COLUMNS FROM `wj_alipay_config` [ RunTime:0.071741s ]
[ sql ] [ SQL ] SHOW COLUMNS FROM `wj_cmb_config` [ RunTime:0.072331s ]
[ sql ] [ SQL ] SHOW COLUMNS FROM `wj_wechat_info` [ RunTime:0.071470s ]
[ sql ] [ SQL ] SHOW COLUMNS FROM `wj_background_menu` [ RunTime:0.071843s ]
[ sql ] [ SQL ] SELECT `id`,`pid`,`action_name`,`route_url` FROM `wj_background_menu` WHERE  `is_enabled` = 1 [ RunTime:0.499857s ]
---------------------------------------------------------------
[ 2017-09-13T09:28:18+08:00 ] 172.25.131.1 172.25.131.1 GET /tp5_demo/admin.php/v.ldf
[ info ] 172.25.131.1/tp5_demo/admin.php/v.ldf [运行时间：0.602373s][吞吐率：1.66req/s] [内存消耗：3,575.66kb] [文件加载：67]
[ info ] [ DB ] INIT mysql
[ info ] [ SESSION ] INIT array (
  'id' => '',
  'var_session_id' => '',
  'prefix' => 'think',
  'type' => '',
  'auto_start' => true,
)
[ info ] [ CACHE ] INIT File
[ info ] [ LANG ] D:\wamp64\www\tp5_demo\thinkphp\lang\zh-cn.php
[ info ] [ BIND ] 'admin'
[ info ] [ ROUTE ] array (
  'type' => 'module',
  'module' => 
  array (
    0 => 'admin',
    1 => 'Login',
    2 => 'loginVerify',
  ),
  'convert' => false,
)
[ info ] [ HEADER ] array (
  'host' => '172.25.131.1',
  'user-agent' => 'Mozilla/5.0 (Windows NT 10.0; WOW64; rv:55.0) Gecko/20100101 Firefox/55.0',
  'accept' => '*/*',
  'accept-language' => 'zh-CN,zh;q=0.8,en-US;q=0.5,en;q=0.3',
  'accept-encoding' => 'gzip, deflate',
  'referer' => 'http://172.25.131.1/tp5_demo/admin.php/l.ldf',
  'cookie' => 'PHPSESSID=0127010d79cb9e24aee8bf14aa27e3ae',
  'connection' => 'keep-alive',
)
[ info ] [ PARAM ] array (
)
[ info ] [ RUN ] app\admin\controller\Login->loginVerify[ D:\wamp64\www\tp5_demo\app\admin\controller\Login.php ]
[ info ] [ LOG ] INIT File
[ sql ] [ DB ] CONNECT:[ UseTime:0.116192s ] mysql:dbname=yolailatop;host=121.40.199.238;port=3306;charset=utf8
[ sql ] [ SQL ] SHOW COLUMNS FROM `wj_alipay_config` [ RunTime:0.076705s ]
[ sql ] [ SQL ] SHOW COLUMNS FROM `wj_cmb_config` [ RunTime:0.077540s ]
[ sql ] [ SQL ] SHOW COLUMNS FROM `wj_wechat_info` [ RunTime:0.078507s ]
[ sql ] [ SQL ] SHOW COLUMNS FROM `wj_background_menu` [ RunTime:0.076017s ]
[ sql ] [ SQL ] SELECT `id`,`pid`,`action_name`,`route_url` FROM `wj_background_menu` WHERE  `is_enabled` = 1 [ RunTime:0.073351s ]
---------------------------------------------------------------
[ 2017-09-13T09:28:19+08:00 ] 172.25.131.1 172.25.131.1 GET /tp5_demo/admin.php/geetest.ldf?t=1505266098399
[ info ] 172.25.131.1/tp5_demo/admin.php/geetest.ldf?t=1505266098399 [运行时间：1.082965s][吞吐率：0.92req/s] [内存消耗：3,177.73kb] [文件加载：57]
[ info ] [ DB ] INIT mysql
[ info ] [ SESSION ] INIT array (
  'id' => '',
  'var_session_id' => '',
  'prefix' => 'think',
  'type' => '',
  'auto_start' => true,
)
[ info ] [ CACHE ] INIT File
[ info ] [ LANG ] D:\wamp64\www\tp5_demo\thinkphp\lang\zh-cn.php
[ info ] [ BIND ] 'admin'
[ info ] [ ROUTE ] array (
  'type' => 'method',
  'method' => 
  array (
    0 => '\\think\\geetest\\GeetestController',
    1 => 'index',
  ),
  'var' => 
  array (
  ),
)
[ info ] [ HEADER ] array (
  'host' => '172.25.131.1',
  'user-agent' => 'Mozilla/5.0 (Windows NT 10.0; WOW64; rv:55.0) Gecko/20100101 Firefox/55.0',
  'accept' => 'application/json, text/javascript, */*; q=0.01',
  'accept-language' => 'zh-CN,zh;q=0.8,en-US;q=0.5,en;q=0.3',
  'accept-encoding' => 'gzip, deflate',
  'x-requested-with' => 'XMLHttpRequest',
  'referer' => 'http://172.25.131.1/tp5_demo/admin.php/l.ldf',
  'cookie' => 'PHPSESSID=0127010d79cb9e24aee8bf14aa27e3ae',
  'connection' => 'keep-alive',
)
[ info ] [ PARAM ] array (
  't' => '1505266098399',
  'id' => NULL,
)
[ info ] [ RUN ] think\geetest\GeetestController->index[ D:\wamp64\www\tp5_demo\vendor\yfcmf\geetest\src\GeetestController.php ]
[ info ] [ LOG ] INIT File
[ sql ] [ DB ] CONNECT:[ UseTime:0.095892s ] mysql:dbname=yolailatop;host=121.40.199.238;port=3306;charset=utf8
[ sql ] [ SQL ] SHOW COLUMNS FROM `wj_alipay_config` [ RunTime:0.068472s ]
[ sql ] [ SQL ] SHOW COLUMNS FROM `wj_cmb_config` [ RunTime:0.073591s ]
[ sql ] [ SQL ] SHOW COLUMNS FROM `wj_wechat_info` [ RunTime:0.066976s ]
[ sql ] [ SQL ] SHOW COLUMNS FROM `wj_background_menu` [ RunTime:0.067632s ]
[ sql ] [ SQL ] SELECT `id`,`pid`,`action_name`,`route_url` FROM `wj_background_menu` WHERE  `is_enabled` = 1 [ RunTime:0.065545s ]
---------------------------------------------------------------
[ 2017-09-13T09:28:46+08:00 ] 172.25.131.1 172.25.131.1 POST /tp5_demo/admin.php/Login/CheckLogin.ldf
[ info ] 172.25.131.1/tp5_demo/admin.php/Login/CheckLogin.ldf [运行时间：0.788460s][吞吐率：1.27req/s] [内存消耗：3,617.02kb] [文件加载：69]
[ info ] [ DB ] INIT mysql
[ info ] [ SESSION ] INIT array (
  'id' => '',
  'var_session_id' => '',
  'prefix' => 'think',
  'type' => '',
  'auto_start' => true,
)
[ info ] [ CACHE ] INIT File
[ info ] [ LANG ] D:\wamp64\www\tp5_demo\thinkphp\lang\zh-cn.php
[ info ] [ BIND ] 'admin'
[ info ] [ ROUTE ] array (
  'type' => 'module',
  'module' => 
  array (
    0 => 'admin',
    1 => 'Login',
    2 => 'CheckLogin',
  ),
)
[ info ] [ HEADER ] array (
  'host' => '172.25.131.1',
  'user-agent' => 'Mozilla/5.0 (Windows NT 10.0; WOW64; rv:55.0) Gecko/20100101 Firefox/55.0',
  'accept' => 'application/json, text/javascript, */*; q=0.01',
  'accept-language' => 'zh-CN,zh;q=0.8,en-US;q=0.5,en;q=0.3',
  'accept-encoding' => 'gzip, deflate',
  'content-type' => 'application/x-www-form-urlencoded; charset=UTF-8',
  'x-requested-with' => 'XMLHttpRequest',
  'referer' => 'http://172.25.131.1/tp5_demo/admin.php/l.ldf',
  'content-length' => '43',
  'cookie' => 'PHPSESSID=0127010d79cb9e24aee8bf14aa27e3ae',
  'connection' => 'keep-alive',
)
[ info ] [ PARAM ] array (
  'user_name' => 'LDF',
  'password' => 'lin108219',
  'verify' => 'ekt',
)
[ info ] [ RUN ] app\admin\controller\Login->CheckLogin[ D:\wamp64\www\tp5_demo\app\admin\controller\Login.php ]
[ info ] [ LOG ] INIT File
[ sql ] [ DB ] CONNECT:[ UseTime:0.096169s ] mysql:dbname=yolailatop;host=121.40.199.238;port=3306;charset=utf8
[ sql ] [ SQL ] SHOW COLUMNS FROM `wj_alipay_config` [ RunTime:0.068817s ]
[ sql ] [ SQL ] SHOW COLUMNS FROM `wj_cmb_config` [ RunTime:0.066762s ]
[ sql ] [ SQL ] SHOW COLUMNS FROM `wj_wechat_info` [ RunTime:0.067573s ]
[ sql ] [ SQL ] SHOW COLUMNS FROM `wj_background_menu` [ RunTime:0.068554s ]
[ sql ] [ SQL ] SELECT `id`,`pid`,`action_name`,`route_url` FROM `wj_background_menu` WHERE  `is_enabled` = 1 [ RunTime:0.064694s ]
[ sql ] [ SQL ] SHOW COLUMNS FROM `wj_admin_info` [ RunTime:0.073948s ]
[ sql ] [ SQL ] SELECT * FROM `wj_admin_info` WHERE  `user_name` = 'LDF' LIMIT 1 [ RunTime:0.064342s ]
[ sql ] [ SQL ] UPDATE `wj_admin_info`  SET `id`=10000,`last_login_time`='1505266126',`login_ip`='172.25.131.1',`update_time`='1505266126',`login_times`=446  WHERE  `id` = 10000 [ RunTime:0.063662s ]
---------------------------------------------------------------
[ 2017-09-13T09:28:50+08:00 ] 172.25.131.1 172.25.131.1 GET /tp5_demo/admin.php/040.ldf
[ info ] 172.25.131.1/tp5_demo/admin.php/040.ldf [运行时间：3.515027s][吞吐率：0.28req/s] [内存消耗：4,490.01kb] [文件加载：79]
[ info ] [ DB ] INIT mysql
[ info ] [ SESSION ] INIT array (
  'id' => '',
  'var_session_id' => '',
  'prefix' => 'think',
  'type' => '',
  'auto_start' => true,
)
[ info ] [ CACHE ] INIT File
[ info ] [ LANG ] D:\wamp64\www\tp5_demo\thinkphp\lang\zh-cn.php
[ info ] [ BIND ] 'admin'
[ info ] [ ROUTE ] array (
  'type' => 'module',
  'module' => 
  array (
    0 => 'admin',
    1 => 'Index',
    2 => 'index',
  ),
  'convert' => false,
)
[ info ] [ HEADER ] array (
  'host' => '172.25.131.1',
  'user-agent' => 'Mozilla/5.0 (Windows NT 10.0; WOW64; rv:55.0) Gecko/20100101 Firefox/55.0',
  'accept' => 'text/html,application/xhtml+xml,application/xml;q=0.9,*/*;q=0.8',
  'accept-language' => 'zh-CN,zh;q=0.8,en-US;q=0.5,en;q=0.3',
  'accept-encoding' => 'gzip, deflate',
  'referer' => 'http://172.25.131.1/tp5_demo/admin.php/l.ldf',
  'cookie' => 'PHPSESSID=0127010d79cb9e24aee8bf14aa27e3ae',
  'connection' => 'keep-alive',
  'upgrade-insecure-requests' => '1',
)
[ info ] [ PARAM ] array (
  'md' => NULL,
)
[ info ] [ RUN ] app\admin\controller\index->index[ D:\wamp64\www\tp5_demo\app\admin\controller\Index.php ]
[ info ] [ VIEW ] D:\wamp64\www\tp5_demo/app/admin\view\index\index.html [ array (
  0 => 'slide_list',
) ]
[ info ] [ RUN ] app\admin\widget\NavBar->seo[ D:\wamp64\www\tp5_demo\app\admin\widget\NavBar.php ]
[ info ] [ VIEW ] D:\wamp64\www\tp5_demo/app/admin\view\public\seo.html [ array (
  0 => 'slide_list',
  1 => 'base_info',
) ]
[ info ] [ RUN ] app\admin\widget\NavBar->header[ D:\wamp64\www\tp5_demo\app\admin\widget\NavBar.php ]
[ info ] [ VIEW ] D:\wamp64\www\tp5_demo/app/admin\view\public\header.html [ array (
  0 => 'slide_list',
  1 => 'base_info',
  2 => 'header_info',
) ]
[ info ] [ RUN ] app\admin\widget\NavBar->leftMenu[ D:\wamp64\www\tp5_demo\app\admin\widget\NavBar.php ]
[ info ] [ VIEW ] D:\wamp64\www\tp5_demo/app/admin\view\public\leftMenu.html [ array (
  0 => 'slide_list',
  1 => 'base_info',
  2 => 'header_info',
  3 => 'menu_list',
) ]
[ info ] [ RUN ] app\admin\widget\NavBar->footer[ D:\wamp64\www\tp5_demo\app\admin\widget\NavBar.php ]
[ info ] [ VIEW ] D:\wamp64\www\tp5_demo/app/admin\view\public\footer.html [ array (
  0 => 'slide_list',
  1 => 'base_info',
  2 => 'header_info',
  3 => 'menu_list',
  4 => 'foot_info',
) ]
[ info ] [ LOG ] INIT File
[ sql ] [ DB ] CONNECT:[ UseTime:0.111483s ] mysql:dbname=yolailatop;host=121.40.199.238;port=3306;charset=utf8
[ sql ] [ SQL ] SHOW COLUMNS FROM `wj_alipay_config` [ RunTime:0.087532s ]
[ sql ] [ SQL ] SELECT `id`,`admin_id`,`partner_id`,`app_id`,`ali_public_key`,`rsa_private_key`,`limit_pay`,`sort`,`is_enabled`,`create_time`,`update_time` FROM `wj_alipay_config` WHERE  `is_enabled` = 1  AND `admin_id` = 10000 [ RunTime:0.083283s ]
[ sql ] [ SQL ] SHOW COLUMNS FROM `wj_cmb_config` [ RunTime:0.077440s ]
[ sql ] [ SQL ] SELECT `id`,`admin_id`,`title`,`branch_no`,`merchant_no`,`mer_key`,`cmb_pub_key`,`op_pwd`,`limit_pay`,`return_url`,`is_enabled`,`sort`,`create_time`,`update_time` FROM `wj_cmb_config` WHERE  `admin_id` = 10000  AND `is_enabled` = 1 [ RunTime:0.073240s ]
[ sql ] [ SQL ] SHOW COLUMNS FROM `wj_wechat_info` [ RunTime:0.078019s ]
[ sql ] [ SQL ] SELECT `id`,`admin_id`,`title`,`app_id`,`app_secret`,`wechat_type`,`merchant_id`,`key`,`cert_path`,`key_path`,`token`,`aes_key`,`is_enabled`,`sort`,`create_time`,`update_time` FROM `wj_wechat_info` WHERE  `admin_id` = 10000  AND `is_enabled` = 1 [ RunTime:0.073576s ]
[ sql ] [ SQL ] SHOW COLUMNS FROM `wj_background_menu` [ RunTime:0.116404s ]
[ sql ] [ SQL ] SELECT `id`,`pid`,`action_name`,`route_url` FROM `wj_background_menu` WHERE  `is_enabled` = 1 [ RunTime:0.075815s ]
[ sql ] [ SQL ] SHOW COLUMNS FROM `wj_email_config` [ RunTime:0.076911s ]
[ sql ] [ SQL ] SELECT `id`,`admin_id`,`name`,`email`,`password`,`mail_port`,`reply_mail`,`host`,`is_enabled`,`sort`,`create_time`,`update_time` FROM `wj_email_config` WHERE  `admin_id` = 10000  AND `is_enabled` = 1 ORDER BY sort asc [ RunTime:0.073854s ]
[ sql ] [ SQL ] SHOW COLUMNS FROM `wj_slide` [ RunTime:0.076932s ]
[ sql ] [ SQL ] SELECT `id`,`admin_id`,`title`,`is_animate`,`img_url`,`url`,`animate_data`,`is_enabled`,`scene`,`type`,`sort`,`create_time`,`update_time` FROM `wj_slide` WHERE  `admin_id` = 10000  AND `is_enabled` = 1  AND `scene` = 1 ORDER BY sort asc [ RunTime:0.492512s ]
[ sql ] [ SQL ] SHOW COLUMNS FROM `wj_site_info` [ RunTime:0.077319s ]
[ sql ] [ SQL ] SELECT `id`,`admin_id`,`name`,`host`,`logo`,`icp`,`count`,`copyright`,`company_name`,`company_address`,`map_lat`,`map_lng`,`tel`,`email`,`qq`,`wechat_qcode`,`title`,`seo_keywords`,`seo_description`,`create_time`,`update_time` FROM `wj_site_info` WHERE  `admin_id` = 10000 LIMIT 1 [ RunTime:0.073354s ]
[ sql ] [ SQL ] SHOW COLUMNS FROM `wj_admin_auth` [ RunTime:0.083940s ]
[ sql ] [ SQL ] SELECT * FROM `wj_admin_auth` WHERE  `admin_id` = 10000 LIMIT 1 [ RunTime:0.072124s ]
[ sql ] [ SQL ] SHOW COLUMNS FROM `wj_auth_group` [ RunTime:0.077295s ]
[ sql ] [ SQL ] SELECT * FROM `wj_auth_group` WHERE  `id` IN (1,2,10,5,6,3,4,7,8,9,11,12)  AND `is_enabled` = 1 [ RunTime:0.077305s ]
[ sql ] [ SQL ] SELECT `id`,`pid`,`title`,`action_name`,`route_url`,`icon`,`levle`,`sort`,`module`,`is_enabled`,`is_display`,`create_time`,`update_time` FROM `wj_background_menu` WHERE  `id` IN (1,2,12,15,52,53,54,64,66,13,14,60,61,62,63,28,29,55,56,57,58,59,65,214,215,219,216,217,218,97,98,99,100,101,102,103,104,105,106,107,108,109,110,112,111,113,114,6,8,30,208,209,210,31,220,221,222,223,224,225,226,227,228,229,230,11,38,39,40,41,48,16,17,19,20,21,22,43,45,18,23,24,25,26,27,44,212,46,132,133,195,211,231,232,233,234,235,236,237,238,239,240,241,242,170,171,172,173,198,174,175,176,197,199,200,201,177,178,179,180,181,182,183,184,185,186,187,188,202,203,204,205,206,49,50,51,72,73,74,75,76,77,78,79,80,81,94,95,96,83,84,91,92,93,85,86,87,88,89,90,134,135,136,137,138,139,161,141,142,143,144,145,146,147,148,149,150,151,152,153,162,168,164,163,165,166,167,47,116,117,118,119,120,121,122,123,124,125,126,127,128,129,130,189,190,191,192,193,194)  AND `is_enabled` = 1 ORDER BY sort asc [ RunTime:0.561860s ]
[ sql ] [ SQL ] SELECT `pid`,`levle` FROM `wj_background_menu` WHERE  `id` IS NULL LIMIT 1 [ RunTime:0.073545s ]
---------------------------------------------------------------
[ 2017-09-13T09:29:00+08:00 ] 172.25.131.1 172.25.131.1 POST /tp5_demo/admin.php/6202/237.ldf
[ info ] 172.25.131.1/tp5_demo/admin.php/6202/237.ldf [运行时间：1.263519s][吞吐率：0.79req/s] [内存消耗：4,774.02kb] [文件加载：81]
[ info ] [ DB ] INIT mysql
[ info ] [ SESSION ] INIT array (
  'id' => '',
  'var_session_id' => '',
  'prefix' => 'think',
  'type' => '',
  'auto_start' => true,
)
[ info ] [ CACHE ] INIT File
[ info ] [ LANG ] D:\wamp64\www\tp5_demo\thinkphp\lang\zh-cn.php
[ info ] [ BIND ] 'admin'
[ info ] [ ROUTE ] array (
  'type' => 'module',
  'module' => 
  array (
    0 => 'admin',
    1 => 'Sys',
    2 => 'emailList',
  ),
  'convert' => false,
)
[ info ] [ HEADER ] array (
  'host' => '172.25.131.1',
  'user-agent' => 'Mozilla/5.0 (Windows NT 10.0; WOW64; rv:55.0) Gecko/20100101 Firefox/55.0',
  'accept' => 'text/html, */*; q=0.01',
  'accept-language' => 'zh-CN,zh;q=0.8,en-US;q=0.5,en;q=0.3',
  'accept-encoding' => 'gzip, deflate',
  'content-type' => 'application/x-www-form-urlencoded; charset=UTF-8',
  'x-pjax' => 'true',
  'x-pjax-container' => '#ajax_content',
  'x-requested-with' => 'XMLHttpRequest',
  'referer' => 'http://172.25.131.1/tp5_demo/admin.php/040.ldf',
  'content-length' => '21',
  'cookie' => 'PHPSESSID=0127010d79cb9e24aee8bf14aa27e3ae',
  'connection' => 'keep-alive',
)
[ info ] [ PARAM ] array (
  '_pjax' => '#ajax_content',
  'md' => '237',
)
[ info ] [ RUN ] app\admin\controller\Sys->emailList[ D:\wamp64\www\tp5_demo\app\admin\controller\Sys.php ]
[ info ] [ VIEW ] D:\wamp64\www\tp5_demo/app/admin\view\sys\emailList.html [ array (
  0 => 'page',
  1 => 'email_list',
) ]
[ info ] [ RUN ] app\admin\widget\NavBar->seo[ D:\wamp64\www\tp5_demo\app\admin\widget\NavBar.php ]
[ info ] [ VIEW ] D:\wamp64\www\tp5_demo/app/admin\view\public\seo.html [ array (
  0 => 'page',
  1 => 'email_list',
  2 => 'base_info',
) ]
[ info ] [ RUN ] app\admin\widget\NavBar->header[ D:\wamp64\www\tp5_demo\app\admin\widget\NavBar.php ]
[ info ] [ VIEW ] D:\wamp64\www\tp5_demo/app/admin\view\public\header.html [ array (
  0 => 'page',
  1 => 'email_list',
  2 => 'base_info',
  3 => 'header_info',
) ]
[ info ] [ RUN ] app\admin\widget\NavBar->leftMenu[ D:\wamp64\www\tp5_demo\app\admin\widget\NavBar.php ]
[ info ] [ VIEW ] D:\wamp64\www\tp5_demo/app/admin\view\public\leftMenu.html [ array (
  0 => 'page',
  1 => 'email_list',
  2 => 'base_info',
  3 => 'header_info',
  4 => 'menu_list',
) ]
[ info ] [ RUN ] app\admin\widget\NavBar->footer[ D:\wamp64\www\tp5_demo\app\admin\widget\NavBar.php ]
[ info ] [ VIEW ] D:\wamp64\www\tp5_demo/app/admin\view\public\footer.html [ array (
  0 => 'page',
  1 => 'email_list',
  2 => 'base_info',
  3 => 'header_info',
  4 => 'menu_list',
  5 => 'foot_info',
) ]
[ info ] [ LOG ] INIT File
[ sql ] [ DB ] CONNECT:[ UseTime:0.112639s ] mysql:dbname=yolailatop;host=121.40.199.238;port=3306;charset=utf8
[ sql ] [ SQL ] SHOW COLUMNS FROM `wj_alipay_config` [ RunTime:0.111284s ]
[ sql ] [ SQL ] SHOW COLUMNS FROM `wj_cmb_config` [ RunTime:0.078697s ]
[ sql ] [ SQL ] SHOW COLUMNS FROM `wj_wechat_info` [ RunTime:0.118253s ]
[ sql ] [ SQL ] SHOW COLUMNS FROM `wj_background_menu` [ RunTime:0.079189s ]
[ sql ] [ SQL ] SELECT `id`,`pid`,`action_name`,`route_url` FROM `wj_background_menu` WHERE  `is_enabled` = 1 [ RunTime:0.081583s ]
[ sql ] [ SQL ] SHOW COLUMNS FROM `wj_email_config` [ RunTime:0.081494s ]
[ sql ] [ SQL ] SELECT COUNT(*) AS tp_count FROM `wj_email_config` WHERE  `admin_id` = 10000 LIMIT 1 [ RunTime:0.074386s ]
[ sql ] [ SQL ] SELECT `id`,`admin_id`,`name`,`email`,`password`,`mail_port`,`reply_mail`,`host`,`is_enabled`,`sort`,`create_time`,`update_time` FROM `wj_email_config` WHERE  `admin_id` = 10000 ORDER BY sort asc LIMIT 0,10 [ RunTime:0.074749s ]
[ sql ] [ SQL ] SHOW COLUMNS FROM `wj_site_info` [ RunTime:0.078310s ]
[ sql ] [ SQL ] SELECT `pid`,`levle` FROM `wj_background_menu` WHERE  `id` = 237 LIMIT 1 [ RunTime:0.074242s ]
---------------------------------------------------------------
[ 2017-09-13T09:29:42+08:00 ] 172.25.131.1 172.25.131.1 GET /tp5_demo/admin.php/Sys/sendEmail.ldf
[ info ] 172.25.131.1/tp5_demo/admin.php/Sys/sendEmail.ldf [运行时间：2.740112s][吞吐率：0.36req/s] [内存消耗：4,617.54kb] [文件加载：69]
[ info ] [ DB ] INIT mysql
[ info ] [ SESSION ] INIT array (
  'id' => '',
  'var_session_id' => '',
  'prefix' => 'think',
  'type' => '',
  'auto_start' => true,
)
[ info ] [ CACHE ] INIT File
[ info ] [ LANG ] D:\wamp64\www\tp5_demo\thinkphp\lang\zh-cn.php
[ info ] [ BIND ] 'admin'
[ info ] [ ROUTE ] array (
  'type' => 'module',
  'module' => 
  array (
    0 => 'admin',
    1 => 'Sys',
    2 => 'sendEmail',
  ),
)
[ info ] [ HEADER ] array (
  'host' => '172.25.131.1',
  'user-agent' => 'Mozilla/5.0 (Windows NT 10.0; WOW64; rv:55.0) Gecko/20100101 Firefox/55.0',
  'accept' => 'text/html,application/xhtml+xml,application/xml;q=0.9,*/*;q=0.8',
  'accept-language' => 'zh-CN,zh;q=0.8,en-US;q=0.5,en;q=0.3',
  'accept-encoding' => 'gzip, deflate',
  'cookie' => 'PHPSESSID=0127010d79cb9e24aee8bf14aa27e3ae',
  'connection' => 'keep-alive',
  'upgrade-insecure-requests' => '1',
)
[ info ] [ PARAM ] array (
)
[ info ] [ RUN ] app\admin\controller\Sys->sendEmail[ D:\wamp64\www\tp5_demo\app\admin\controller\Sys.php ]
[ info ] [ LOG ] INIT File
[ sql ] [ DB ] CONNECT:[ UseTime:0.086075s ] mysql:dbname=yolailatop;host=121.40.199.238;port=3306;charset=utf8
[ sql ] [ SQL ] SHOW COLUMNS FROM `wj_alipay_config` [ RunTime:0.062869s ]
[ sql ] [ SQL ] SHOW COLUMNS FROM `wj_cmb_config` [ RunTime:0.063382s ]
[ sql ] [ SQL ] SHOW COLUMNS FROM `wj_wechat_info` [ RunTime:0.060762s ]
[ sql ] [ SQL ] SHOW COLUMNS FROM `wj_background_menu` [ RunTime:0.060558s ]
[ sql ] [ SQL ] SELECT `id`,`pid`,`action_name`,`route_url` FROM `wj_background_menu` WHERE  `is_enabled` = 1 [ RunTime:0.062790s ]
---------------------------------------------------------------
[ 2017-09-13T09:30:01+08:00 ] 172.25.131.1 172.25.131.1 GET /tp5_demo/admin.php/Sys/sendEmail.ldf
[ info ] 172.25.131.1/tp5_demo/admin.php/Sys/sendEmail.ldf [运行时间：0.565057s][吞吐率：1.77req/s] [内存消耗：3,150.19kb] [文件加载：56]
[ info ] [ DB ] INIT mysql
[ info ] [ SESSION ] INIT array (
  'id' => '',
  'var_session_id' => '',
  'prefix' => 'think',
  'type' => '',
  'auto_start' => true,
)
[ info ] [ CACHE ] INIT File
[ info ] [ LANG ] D:\wamp64\www\tp5_demo\thinkphp\lang\zh-cn.php
[ info ] [ BIND ] 'admin'
[ info ] [ ROUTE ] array (
  'type' => 'module',
  'module' => 
  array (
    0 => 'admin',
    1 => 'Sys',
    2 => 'sendEmail',
  ),
)
[ info ] [ HEADER ] array (
  'host' => '172.25.131.1',
  'user-agent' => 'Mozilla/5.0 (Windows NT 10.0; WOW64; rv:55.0) Gecko/20100101 Firefox/55.0',
  'accept' => 'text/html,application/xhtml+xml,application/xml;q=0.9,*/*;q=0.8',
  'accept-language' => 'zh-CN,zh;q=0.8,en-US;q=0.5,en;q=0.3',
  'accept-encoding' => 'gzip, deflate',
  'cookie' => 'PHPSESSID=0127010d79cb9e24aee8bf14aa27e3ae',
  'connection' => 'keep-alive',
  'upgrade-insecure-requests' => '1',
  'if-modified-since' => 'Wed, 13 Sep 2017 01:29:42 GMT',
)
[ info ] [ PARAM ] array (
)
[ info ] [ LOG ] INIT File
[ sql ] [ DB ] CONNECT:[ UseTime:0.103819s ] mysql:dbname=yolailatop;host=121.40.199.238;port=3306;charset=utf8
[ sql ] [ SQL ] SHOW COLUMNS FROM `wj_alipay_config` [ RunTime:0.067563s ]
[ sql ] [ SQL ] SHOW COLUMNS FROM `wj_cmb_config` [ RunTime:0.076637s ]
[ sql ] [ SQL ] SHOW COLUMNS FROM `wj_wechat_info` [ RunTime:0.067558s ]
[ sql ] [ SQL ] SHOW COLUMNS FROM `wj_background_menu` [ RunTime:0.073617s ]
[ sql ] [ SQL ] SELECT `id`,`pid`,`action_name`,`route_url` FROM `wj_background_menu` WHERE  `is_enabled` = 1 [ RunTime:0.063865s ]
---------------------------------------------------------------
[ 2017-09-13T09:31:02+08:00 ] 172.25.131.1 172.25.131.1 GET /tp5_demo/admin.php/6202/237.ldf
[ info ] 172.25.131.1/tp5_demo/admin.php/6202/237.ldf [运行时间：1.322343s][吞吐率：0.76req/s] [内存消耗：4,492.37kb] [文件加载：78]
[ info ] [ DB ] INIT mysql
[ info ] [ SESSION ] INIT array (
  'id' => '',
  'var_session_id' => '',
  'prefix' => 'think',
  'type' => '',
  'auto_start' => true,
)
[ info ] [ CACHE ] INIT File
[ info ] [ LANG ] D:\wamp64\www\tp5_demo\thinkphp\lang\zh-cn.php
[ info ] [ BIND ] 'admin'
[ info ] [ ROUTE ] array (
  'type' => 'module',
  'module' => 
  array (
    0 => 'admin',
    1 => 'Sys',
    2 => 'emailList',
  ),
  'convert' => false,
)
[ info ] [ HEADER ] array (
  'host' => '172.25.131.1',
  'user-agent' => 'Mozilla/5.0 (Windows NT 10.0; WOW64; rv:55.0) Gecko/20100101 Firefox/55.0',
  'accept' => 'text/html,application/xhtml+xml,application/xml;q=0.9,*/*;q=0.8',
  'accept-language' => 'zh-CN,zh;q=0.8,en-US;q=0.5,en;q=0.3',
  'accept-encoding' => 'gzip, deflate',
  'cookie' => 'PHPSESSID=0127010d79cb9e24aee8bf14aa27e3ae',
  'connection' => 'keep-alive',
  'upgrade-insecure-requests' => '1',
)
[ info ] [ PARAM ] array (
  'md' => '237',
)
[ info ] [ RUN ] app\admin\controller\Sys->emailList[ D:\wamp64\www\tp5_demo\app\admin\controller\Sys.php ]
[ info ] [ VIEW ] D:\wamp64\www\tp5_demo/app/admin\view\sys\emailList.html [ array (
  0 => 'page',
  1 => 'email_list',
) ]
[ info ] [ RUN ] app\admin\widget\NavBar->seo[ D:\wamp64\www\tp5_demo\app\admin\widget\NavBar.php ]
[ info ] [ VIEW ] D:\wamp64\www\tp5_demo/app/admin\view\public\seo.html [ array (
  0 => 'page',
  1 => 'email_list',
  2 => 'base_info',
) ]
[ info ] [ RUN ] app\admin\widget\NavBar->header[ D:\wamp64\www\tp5_demo\app\admin\widget\NavBar.php ]
[ info ] [ VIEW ] D:\wamp64\www\tp5_demo/app/admin\view\public\header.html [ array (
  0 => 'page',
  1 => 'email_list',
  2 => 'base_info',
  3 => 'header_info',
) ]
[ info ] [ RUN ] app\admin\widget\NavBar->leftMenu[ D:\wamp64\www\tp5_demo\app\admin\widget\NavBar.php ]
[ info ] [ VIEW ] D:\wamp64\www\tp5_demo/app/admin\view\public\leftMenu.html [ array (
  0 => 'page',
  1 => 'email_list',
  2 => 'base_info',
  3 => 'header_info',
  4 => 'menu_list',
) ]
[ info ] [ RUN ] app\admin\widget\NavBar->footer[ D:\wamp64\www\tp5_demo\app\admin\widget\NavBar.php ]
[ info ] [ VIEW ] D:\wamp64\www\tp5_demo/app/admin\view\public\footer.html [ array (
  0 => 'page',
  1 => 'email_list',
  2 => 'base_info',
  3 => 'header_info',
  4 => 'menu_list',
  5 => 'foot_info',
) ]
[ info ] [ LOG ] INIT File
[ sql ] [ DB ] CONNECT:[ UseTime:0.174992s ] mysql:dbname=yolailatop;host=121.40.199.238;port=3306;charset=utf8
[ sql ] [ SQL ] SHOW COLUMNS FROM `wj_alipay_config` [ RunTime:0.068231s ]
[ sql ] [ SQL ] SHOW COLUMNS FROM `wj_cmb_config` [ RunTime:0.241444s ]
[ sql ] [ SQL ] SHOW COLUMNS FROM `wj_wechat_info` [ RunTime:0.068268s ]
[ sql ] [ SQL ] SHOW COLUMNS FROM `wj_background_menu` [ RunTime:0.066903s ]
[ sql ] [ SQL ] SELECT `id`,`pid`,`action_name`,`route_url` FROM `wj_background_menu` WHERE  `is_enabled` = 1 [ RunTime:0.064594s ]
[ sql ] [ SQL ] SHOW COLUMNS FROM `wj_email_config` [ RunTime:0.067032s ]
[ sql ] [ SQL ] SELECT COUNT(*) AS tp_count FROM `wj_email_config` WHERE  `admin_id` = 10000 LIMIT 1 [ RunTime:0.061810s ]
[ sql ] [ SQL ] SELECT `id`,`admin_id`,`name`,`email`,`password`,`mail_port`,`reply_mail`,`host`,`is_enabled`,`sort`,`create_time`,`update_time` FROM `wj_email_config` WHERE  `admin_id` = 10000 ORDER BY sort asc LIMIT 0,10 [ RunTime:0.064002s ]
[ sql ] [ SQL ] SHOW COLUMNS FROM `wj_site_info` [ RunTime:0.168527s ]
[ sql ] [ SQL ] SELECT `pid`,`levle` FROM `wj_background_menu` WHERE  `id` = 237 LIMIT 1 [ RunTime:0.065459s ]
---------------------------------------------------------------
[ 2017-09-13T09:31:13+08:00 ] 172.25.131.1 172.25.131.1 GET /tp5_demo/admin.php/237203.ldf?id=1&page_num=10
[ info ] 172.25.131.1/tp5_demo/admin.php/237203.ldf?id=1&page_num=10 [运行时间：0.732881s][吞吐率：1.36req/s] [内存消耗：4,220.52kb] [文件加载：72]
[ info ] [ DB ] INIT mysql
[ info ] [ SESSION ] INIT array (
  'id' => '',
  'var_session_id' => '',
  'prefix' => 'think',
  'type' => '',
  'auto_start' => true,
)
[ info ] [ CACHE ] INIT File
[ info ] [ LANG ] D:\wamp64\www\tp5_demo\thinkphp\lang\zh-cn.php
[ info ] [ BIND ] 'admin'
[ info ] [ ROUTE ] array (
  'type' => 'module',
  'module' => 
  array (
    0 => 'admin',
    1 => 'Sys',
    2 => 'editEmail',
  ),
  'convert' => false,
)
[ info ] [ HEADER ] array (
  'host' => '172.25.131.1',
  'user-agent' => 'Mozilla/5.0 (Windows NT 10.0; WOW64; rv:55.0) Gecko/20100101 Firefox/55.0',
  'accept' => 'text/html, */*; q=0.01',
  'accept-language' => 'zh-CN,zh;q=0.8,en-US;q=0.5,en;q=0.3',
  'accept-encoding' => 'gzip, deflate',
  'x-requested-with' => 'XMLHttpRequest',
  'referer' => 'http://172.25.131.1/tp5_demo/admin.php/6202/237.ldf',
  'cookie' => 'PHPSESSID=0127010d79cb9e24aee8bf14aa27e3ae',
  'connection' => 'keep-alive',
)
[ info ] [ PARAM ] array (
  'id' => '1',
  'page_num' => '10',
  'md' => NULL,
)
[ info ] [ RUN ] app\admin\controller\Sys->editEmail[ D:\wamp64\www\tp5_demo\app\admin\controller\Sys.php ]
[ info ] [ VIEW ] D:\wamp64\www\tp5_demo/app/admin\view\sys\editEmail.html [ array (
  0 => 'email_info',
) ]
[ info ] [ LOG ] INIT File
[ sql ] [ DB ] CONNECT:[ UseTime:0.103268s ] mysql:dbname=yolailatop;host=121.40.199.238;port=3306;charset=utf8
[ sql ] [ SQL ] SHOW COLUMNS FROM `wj_alipay_config` [ RunTime:0.070615s ]
[ sql ] [ SQL ] SHOW COLUMNS FROM `wj_cmb_config` [ RunTime:0.076314s ]
[ sql ] [ SQL ] SHOW COLUMNS FROM `wj_wechat_info` [ RunTime:0.072892s ]
[ sql ] [ SQL ] SHOW COLUMNS FROM `wj_background_menu` [ RunTime:0.070979s ]
[ sql ] [ SQL ] SELECT `id`,`pid`,`action_name`,`route_url` FROM `wj_background_menu` WHERE  `is_enabled` = 1 [ RunTime:0.067526s ]
[ sql ] [ SQL ] SHOW COLUMNS FROM `wj_email_config` [ RunTime:0.069423s ]
[ sql ] [ SQL ] SELECT `id`,`admin_id`,`name`,`email`,`password`,`mail_port`,`reply_mail`,`host`,`is_enabled`,`sort`,`create_time`,`update_time` FROM `wj_email_config` WHERE  `id` = 1  AND `admin_id` = 10000 LIMIT 1 [ RunTime:0.065936s ]
---------------------------------------------------------------
[ 2017-09-13T09:35:38+08:00 ] 172.25.131.1 172.25.131.1 POST /tp5_demo/admin.php/Sys/sendEmail.ldf?page_num=10
[ info ] 172.25.131.1/tp5_demo/admin.php/Sys/sendEmail.ldf?page_num=10 [运行时间：1.344111s][吞吐率：0.74req/s] [内存消耗：4,617.87kb] [文件加载：69]
[ info ] [ DB ] INIT mysql
[ info ] [ SESSION ] INIT array (
  'id' => '',
  'var_session_id' => '',
  'prefix' => 'think',
  'type' => '',
  'auto_start' => true,
)
[ info ] [ CACHE ] INIT File
[ info ] [ LANG ] D:\wamp64\www\tp5_demo\thinkphp\lang\zh-cn.php
[ info ] [ BIND ] 'admin'
[ info ] [ ROUTE ] array (
  'type' => 'module',
  'module' => 
  array (
    0 => 'admin',
    1 => 'Sys',
    2 => 'sendEmail',
  ),
)
[ info ] [ HEADER ] array (
  'host' => '172.25.131.1',
  'user-agent' => 'Mozilla/5.0 (Windows NT 10.0; WOW64; rv:55.0) Gecko/20100101 Firefox/55.0',
  'accept' => 'application/json, text/javascript, */*; q=0.01',
  'accept-language' => 'zh-CN,zh;q=0.8,en-US;q=0.5,en;q=0.3',
  'accept-encoding' => 'gzip, deflate',
  'content-type' => 'application/x-www-form-urlencoded; charset=UTF-8',
  'x-requested-with' => 'XMLHttpRequest',
  'referer' => 'http://172.25.131.1/tp5_demo/admin.php/6202/237.ldf',
  'content-length' => '65',
  'cookie' => 'PHPSESSID=0127010d79cb9e24aee8bf14aa27e3ae',
  'connection' => 'keep-alive',
)
[ info ] [ PARAM ] array (
  'page_num' => '10',
  'id' => '1',
  'name' => 'ada ',
  'email' => '898303969@qq.com',
  'cc' => '',
  'title' => 'as',
  'content' => 'sada',
)
[ info ] [ RUN ] app\admin\controller\Sys->sendEmail[ D:\wamp64\www\tp5_demo\app\admin\controller\Sys.php ]
[ info ] [ LOG ] INIT File
[ sql ] [ DB ] CONNECT:[ UseTime:0.108290s ] mysql:dbname=yolailatop;host=121.40.199.238;port=3306;charset=utf8
[ sql ] [ SQL ] SHOW COLUMNS FROM `wj_alipay_config` [ RunTime:0.076557s ]
[ sql ] [ SQL ] SHOW COLUMNS FROM `wj_cmb_config` [ RunTime:0.080744s ]
[ sql ] [ SQL ] SHOW COLUMNS FROM `wj_wechat_info` [ RunTime:0.075809s ]
[ sql ] [ SQL ] SHOW COLUMNS FROM `wj_background_menu` [ RunTime:0.074529s ]
[ sql ] [ SQL ] SELECT `id`,`pid`,`action_name`,`route_url` FROM `wj_background_menu` WHERE  `is_enabled` = 1 [ RunTime:0.073240s ]
---------------------------------------------------------------
[ 2017-09-13T09:36:58+08:00 ] 172.25.131.1 172.25.131.1 POST /tp5_demo/admin.php/Sys/sendEmail.ldf?page_num=10
[ info ] 172.25.131.1/tp5_demo/admin.php/Sys/sendEmail.ldf?page_num=10 [运行时间：0.572139s][吞吐率：1.75req/s] [内存消耗：4,620.31kb] [文件加载：70]
[ info ] [ DB ] INIT mysql
[ info ] [ SESSION ] INIT array (
  'id' => '',
  'var_session_id' => '',
  'prefix' => 'think',
  'type' => '',
  'auto_start' => true,
)
[ info ] [ CACHE ] INIT File
[ info ] [ LANG ] D:\wamp64\www\tp5_demo\thinkphp\lang\zh-cn.php
[ info ] [ BIND ] 'admin'
[ info ] [ ROUTE ] array (
  'type' => 'module',
  'module' => 
  array (
    0 => 'admin',
    1 => 'Sys',
    2 => 'sendEmail',
  ),
)
[ info ] [ HEADER ] array (
  'host' => '172.25.131.1',
  'user-agent' => 'Mozilla/5.0 (Windows NT 10.0; WOW64; rv:55.0) Gecko/20100101 Firefox/55.0',
  'accept' => 'application/json, text/javascript, */*; q=0.01',
  'accept-language' => 'zh-CN,zh;q=0.8,en-US;q=0.5,en;q=0.3',
  'accept-encoding' => 'gzip, deflate',
  'content-type' => 'application/x-www-form-urlencoded; charset=UTF-8',
  'x-requested-with' => 'XMLHttpRequest',
  'referer' => 'http://172.25.131.1/tp5_demo/admin.php/6202/237.ldf',
  'content-length' => '65',
  'cookie' => 'PHPSESSID=0127010d79cb9e24aee8bf14aa27e3ae',
  'connection' => 'keep-alive',
)
[ info ] [ PARAM ] array (
  'page_num' => '10',
  'id' => '1',
  'name' => 'ada ',
  'email' => '898303969@qq.com',
  'cc' => '',
  'title' => 'as',
  'content' => 'sada',
)
[ info ] [ RUN ] app\admin\controller\Sys->sendEmail[ D:\wamp64\www\tp5_demo\app\admin\controller\Sys.php ]
[ info ] [ LOG ] INIT File
[ sql ] [ DB ] CONNECT:[ UseTime:0.096688s ] mysql:dbname=yolailatop;host=121.40.199.238;port=3306;charset=utf8
[ sql ] [ SQL ] SHOW COLUMNS FROM `wj_alipay_config` [ RunTime:0.067819s ]
[ sql ] [ SQL ] SHOW COLUMNS FROM `wj_cmb_config` [ RunTime:0.071040s ]
[ sql ] [ SQL ] SHOW COLUMNS FROM `wj_wechat_info` [ RunTime:0.070876s ]
[ sql ] [ SQL ] SHOW COLUMNS FROM `wj_background_menu` [ RunTime:0.068852s ]
[ sql ] [ SQL ] SELECT `id`,`pid`,`action_name`,`route_url` FROM `wj_background_menu` WHERE  `is_enabled` = 1 [ RunTime:0.065362s ]
---------------------------------------------------------------
[ 2017-09-13T09:37:07+08:00 ] 172.25.131.1 172.25.131.1 POST /tp5_demo/admin.php/Sys/sendEmail.ldf?page_num=10
[ info ] 172.25.131.1/tp5_demo/admin.php/Sys/sendEmail.ldf?page_num=10 [运行时间：0.611589s][吞吐率：1.64req/s] [内存消耗：4,620.31kb] [文件加载：70]
[ info ] [ DB ] INIT mysql
[ info ] [ SESSION ] INIT array (
  'id' => '',
  'var_session_id' => '',
  'prefix' => 'think',
  'type' => '',
  'auto_start' => true,
)
[ info ] [ CACHE ] INIT File
[ info ] [ LANG ] D:\wamp64\www\tp5_demo\thinkphp\lang\zh-cn.php
[ info ] [ BIND ] 'admin'
[ info ] [ ROUTE ] array (
  'type' => 'module',
  'module' => 
  array (
    0 => 'admin',
    1 => 'Sys',
    2 => 'sendEmail',
  ),
)
[ info ] [ HEADER ] array (
  'host' => '172.25.131.1',
  'user-agent' => 'Mozilla/5.0 (Windows NT 10.0; WOW64; rv:55.0) Gecko/20100101 Firefox/55.0',
  'accept' => 'application/json, text/javascript, */*; q=0.01',
  'accept-language' => 'zh-CN,zh;q=0.8,en-US;q=0.5,en;q=0.3',
  'accept-encoding' => 'gzip, deflate',
  'content-type' => 'application/x-www-form-urlencoded; charset=UTF-8',
  'x-requested-with' => 'XMLHttpRequest',
  'referer' => 'http://172.25.131.1/tp5_demo/admin.php/6202/237.ldf',
  'content-length' => '65',
  'cookie' => 'PHPSESSID=0127010d79cb9e24aee8bf14aa27e3ae',
  'connection' => 'keep-alive',
)
[ info ] [ PARAM ] array (
  'page_num' => '10',
  'id' => '1',
  'name' => 'ada ',
  'email' => '898303969@qq.com',
  'cc' => '',
  'title' => 'as',
  'content' => 'sada',
)
[ info ] [ RUN ] app\admin\controller\Sys->sendEmail[ D:\wamp64\www\tp5_demo\app\admin\controller\Sys.php ]
[ info ] [ LOG ] INIT File
[ sql ] [ DB ] CONNECT:[ UseTime:0.147846s ] mysql:dbname=yolailatop;host=121.40.199.238;port=3306;charset=utf8
[ sql ] [ SQL ] SHOW COLUMNS FROM `wj_alipay_config` [ RunTime:0.097994s ]
[ sql ] [ SQL ] SHOW COLUMNS FROM `wj_cmb_config` [ RunTime:0.066190s ]
[ sql ] [ SQL ] SHOW COLUMNS FROM `wj_wechat_info` [ RunTime:0.064412s ]
[ sql ] [ SQL ] SHOW COLUMNS FROM `wj_background_menu` [ RunTime:0.077282s ]
[ sql ] [ SQL ] SELECT `id`,`pid`,`action_name`,`route_url` FROM `wj_background_menu` WHERE  `is_enabled` = 1 [ RunTime:0.057172s ]
---------------------------------------------------------------
[ 2017-09-13T09:37:37+08:00 ] 172.25.131.1 172.25.131.1 POST /tp5_demo/admin.php/Sys/sendEmail.ldf?page_num=10
[ info ] 172.25.131.1/tp5_demo/admin.php/Sys/sendEmail.ldf?page_num=10 [运行时间：0.604020s][吞吐率：1.66req/s] [内存消耗：4,620.31kb] [文件加载：70]
[ info ] [ DB ] INIT mysql
[ info ] [ SESSION ] INIT array (
  'id' => '',
  'var_session_id' => '',
  'prefix' => 'think',
  'type' => '',
  'auto_start' => true,
)
[ info ] [ CACHE ] INIT File
[ info ] [ LANG ] D:\wamp64\www\tp5_demo\thinkphp\lang\zh-cn.php
[ info ] [ BIND ] 'admin'
[ info ] [ ROUTE ] array (
  'type' => 'module',
  'module' => 
  array (
    0 => 'admin',
    1 => 'Sys',
    2 => 'sendEmail',
  ),
)
[ info ] [ HEADER ] array (
  'host' => '172.25.131.1',
  'user-agent' => 'Mozilla/5.0 (Windows NT 10.0; WOW64; rv:55.0) Gecko/20100101 Firefox/55.0',
  'accept' => 'application/json, text/javascript, */*; q=0.01',
  'accept-language' => 'zh-CN,zh;q=0.8,en-US;q=0.5,en;q=0.3',
  'accept-encoding' => 'gzip, deflate',
  'content-type' => 'application/x-www-form-urlencoded; charset=UTF-8',
  'x-requested-with' => 'XMLHttpRequest',
  'referer' => 'http://172.25.131.1/tp5_demo/admin.php/6202/237.ldf',
  'content-length' => '65',
  'cookie' => 'PHPSESSID=0127010d79cb9e24aee8bf14aa27e3ae',
  'connection' => 'keep-alive',
)
[ info ] [ PARAM ] array (
  'page_num' => '10',
  'id' => '1',
  'name' => 'ada ',
  'email' => '898303969@qq.com',
  'cc' => '',
  'title' => 'as',
  'content' => 'sada',
)
[ info ] [ RUN ] app\admin\controller\Sys->sendEmail[ D:\wamp64\www\tp5_demo\app\admin\controller\Sys.php ]
[ info ] [ LOG ] INIT File
[ sql ] [ DB ] CONNECT:[ UseTime:0.107020s ] mysql:dbname=yolailatop;host=121.40.199.238;port=3306;charset=utf8
[ sql ] [ SQL ] SHOW COLUMNS FROM `wj_alipay_config` [ RunTime:0.075016s ]
[ sql ] [ SQL ] SHOW COLUMNS FROM `wj_cmb_config` [ RunTime:0.074020s ]
[ sql ] [ SQL ] SHOW COLUMNS FROM `wj_wechat_info` [ RunTime:0.078777s ]
[ sql ] [ SQL ] SHOW COLUMNS FROM `wj_background_menu` [ RunTime:0.074131s ]
[ sql ] [ SQL ] SELECT `id`,`pid`,`action_name`,`route_url` FROM `wj_background_menu` WHERE  `is_enabled` = 1 [ RunTime:0.080921s ]
---------------------------------------------------------------
[ 2017-09-13T09:37:53+08:00 ] 172.25.131.1 172.25.131.1 POST /tp5_demo/admin.php/Sys/sendEmail.ldf?page_num=10
[ info ] 172.25.131.1/tp5_demo/admin.php/Sys/sendEmail.ldf?page_num=10 [运行时间：1.327546s][吞吐率：0.75req/s] [内存消耗：4,617.87kb] [文件加载：69]
[ info ] [ DB ] INIT mysql
[ info ] [ SESSION ] INIT array (
  'id' => '',
  'var_session_id' => '',
  'prefix' => 'think',
  'type' => '',
  'auto_start' => true,
)
[ info ] [ CACHE ] INIT File
[ info ] [ LANG ] D:\wamp64\www\tp5_demo\thinkphp\lang\zh-cn.php
[ info ] [ BIND ] 'admin'
[ info ] [ ROUTE ] array (
  'type' => 'module',
  'module' => 
  array (
    0 => 'admin',
    1 => 'Sys',
    2 => 'sendEmail',
  ),
)
[ info ] [ HEADER ] array (
  'host' => '172.25.131.1',
  'user-agent' => 'Mozilla/5.0 (Windows NT 10.0; WOW64; rv:55.0) Gecko/20100101 Firefox/55.0',
  'accept' => 'application/json, text/javascript, */*; q=0.01',
  'accept-language' => 'zh-CN,zh;q=0.8,en-US;q=0.5,en;q=0.3',
  'accept-encoding' => 'gzip, deflate',
  'content-type' => 'application/x-www-form-urlencoded; charset=UTF-8',
  'x-requested-with' => 'XMLHttpRequest',
  'referer' => 'http://172.25.131.1/tp5_demo/admin.php/6202/237.ldf',
  'content-length' => '65',
  'cookie' => 'PHPSESSID=0127010d79cb9e24aee8bf14aa27e3ae',
  'connection' => 'keep-alive',
)
[ info ] [ PARAM ] array (
  'page_num' => '10',
  'id' => '1',
  'name' => 'ada ',
  'email' => '898303969@qq.com',
  'cc' => '',
  'title' => 'as',
  'content' => 'sada',
)
[ info ] [ RUN ] app\admin\controller\Sys->sendEmail[ D:\wamp64\www\tp5_demo\app\admin\controller\Sys.php ]
[ info ] [ LOG ] INIT File
[ sql ] [ DB ] CONNECT:[ UseTime:0.109677s ] mysql:dbname=yolailatop;host=121.40.199.238;port=3306;charset=utf8
[ sql ] [ SQL ] SHOW COLUMNS FROM `wj_alipay_config` [ RunTime:0.077757s ]
[ sql ] [ SQL ] SHOW COLUMNS FROM `wj_cmb_config` [ RunTime:0.083281s ]
[ sql ] [ SQL ] SHOW COLUMNS FROM `wj_wechat_info` [ RunTime:0.078153s ]
[ sql ] [ SQL ] SHOW COLUMNS FROM `wj_background_menu` [ RunTime:0.077178s ]
[ sql ] [ SQL ] SELECT `id`,`pid`,`action_name`,`route_url` FROM `wj_background_menu` WHERE  `is_enabled` = 1 [ RunTime:0.074336s ]
---------------------------------------------------------------
[ 2017-09-13T09:40:10+08:00 ] 172.25.131.1 172.25.131.1 POST /tp5_demo/admin.php/Sys/sendEmail.ldf?page_num=10
[ info ] 172.25.131.1/tp5_demo/admin.php/Sys/sendEmail.ldf?page_num=10 [运行时间：1.024749s][吞吐率：0.98req/s] [内存消耗：4,620.30kb] [文件加载：70]
[ info ] [ DB ] INIT mysql
[ info ] [ SESSION ] INIT array (
  'id' => '',
  'var_session_id' => '',
  'prefix' => 'think',
  'type' => '',
  'auto_start' => true,
)
[ info ] [ CACHE ] INIT File
[ info ] [ LANG ] D:\wamp64\www\tp5_demo\thinkphp\lang\zh-cn.php
[ info ] [ BIND ] 'admin'
[ info ] [ ROUTE ] array (
  'type' => 'module',
  'module' => 
  array (
    0 => 'admin',
    1 => 'Sys',
    2 => 'sendEmail',
  ),
)
[ info ] [ HEADER ] array (
  'host' => '172.25.131.1',
  'user-agent' => 'Mozilla/5.0 (Windows NT 10.0; WOW64; rv:55.0) Gecko/20100101 Firefox/55.0',
  'accept' => 'application/json, text/javascript, */*; q=0.01',
  'accept-language' => 'zh-CN,zh;q=0.8,en-US;q=0.5,en;q=0.3',
  'accept-encoding' => 'gzip, deflate',
  'content-type' => 'application/x-www-form-urlencoded; charset=UTF-8',
  'x-requested-with' => 'XMLHttpRequest',
  'referer' => 'http://172.25.131.1/tp5_demo/admin.php/6202/237.ldf',
  'content-length' => '65',
  'cookie' => 'PHPSESSID=0127010d79cb9e24aee8bf14aa27e3ae',
  'connection' => 'keep-alive',
)
[ info ] [ PARAM ] array (
  'page_num' => '10',
  'id' => '1',
  'name' => 'ada ',
  'email' => '898303969@qq.com',
  'cc' => '',
  'title' => 'as',
  'content' => 'sada',
)
[ info ] [ RUN ] app\admin\controller\Sys->sendEmail[ D:\wamp64\www\tp5_demo\app\admin\controller\Sys.php ]
[ info ] [ LOG ] INIT File
[ sql ] [ DB ] CONNECT:[ UseTime:0.107469s ] mysql:dbname=yolailatop;host=121.40.199.238;port=3306;charset=utf8
[ sql ] [ SQL ] SHOW COLUMNS FROM `wj_alipay_config` [ RunTime:0.078023s ]
[ sql ] [ SQL ] SHOW COLUMNS FROM `wj_cmb_config` [ RunTime:0.074331s ]
[ sql ] [ SQL ] SHOW COLUMNS FROM `wj_wechat_info` [ RunTime:0.074590s ]
[ sql ] [ SQL ] SHOW COLUMNS FROM `wj_background_menu` [ RunTime:0.076984s ]
[ sql ] [ SQL ] SELECT `id`,`pid`,`action_name`,`route_url` FROM `wj_background_menu` WHERE  `is_enabled` = 1 [ RunTime:0.081564s ]
---------------------------------------------------------------
[ 2017-09-13T09:42:50+08:00 ] 172.25.131.1 172.25.131.1 POST /tp5_demo/admin.php/Sys/sendEmail.ldf?page_num=10
[ info ] 172.25.131.1/tp5_demo/admin.php/Sys/sendEmail.ldf?page_num=10 [运行时间：1.613849s][吞吐率：0.62req/s] [内存消耗：4,617.86kb] [文件加载：69]
[ info ] [ DB ] INIT mysql
[ info ] [ SESSION ] INIT array (
  'id' => '',
  'var_session_id' => '',
  'prefix' => 'think',
  'type' => '',
  'auto_start' => true,
)
[ info ] [ CACHE ] INIT File
[ info ] [ LANG ] D:\wamp64\www\tp5_demo\thinkphp\lang\zh-cn.php
[ info ] [ BIND ] 'admin'
[ info ] [ ROUTE ] array (
  'type' => 'module',
  'module' => 
  array (
    0 => 'admin',
    1 => 'Sys',
    2 => 'sendEmail',
  ),
)
[ info ] [ HEADER ] array (
  'host' => '172.25.131.1',
  'user-agent' => 'Mozilla/5.0 (Windows NT 10.0; WOW64; rv:55.0) Gecko/20100101 Firefox/55.0',
  'accept' => 'application/json, text/javascript, */*; q=0.01',
  'accept-language' => 'zh-CN,zh;q=0.8,en-US;q=0.5,en;q=0.3',
  'accept-encoding' => 'gzip, deflate',
  'content-type' => 'application/x-www-form-urlencoded; charset=UTF-8',
  'x-requested-with' => 'XMLHttpRequest',
  'referer' => 'http://172.25.131.1/tp5_demo/admin.php/6202/237.ldf',
  'content-length' => '65',
  'cookie' => 'PHPSESSID=0127010d79cb9e24aee8bf14aa27e3ae',
  'connection' => 'keep-alive',
)
[ info ] [ PARAM ] array (
  'page_num' => '10',
  'id' => '1',
  'name' => 'ada ',
  'email' => '898303969@qq.com',
  'cc' => '',
  'title' => 'as',
  'content' => 'sada',
)
[ info ] [ RUN ] app\admin\controller\Sys->sendEmail[ D:\wamp64\www\tp5_demo\app\admin\controller\Sys.php ]
[ info ] [ LOG ] INIT File
[ sql ] [ DB ] CONNECT:[ UseTime:0.113384s ] mysql:dbname=yolailatop;host=121.40.199.238;port=3306;charset=utf8
[ sql ] [ SQL ] SHOW COLUMNS FROM `wj_alipay_config` [ RunTime:0.079183s ]
[ sql ] [ SQL ] SHOW COLUMNS FROM `wj_cmb_config` [ RunTime:0.088711s ]
[ sql ] [ SQL ] SHOW COLUMNS FROM `wj_wechat_info` [ RunTime:0.076698s ]
[ sql ] [ SQL ] SHOW COLUMNS FROM `wj_background_menu` [ RunTime:0.086013s ]
[ sql ] [ SQL ] SELECT `id`,`pid`,`action_name`,`route_url` FROM `wj_background_menu` WHERE  `is_enabled` = 1 [ RunTime:0.075499s ]
---------------------------------------------------------------
[ 2017-09-13T09:47:40+08:00 ] 172.25.131.1 172.25.131.1 POST /tp5_demo/admin.php/Sys/sendEmail.ldf?page_num=10
[ info ] 172.25.131.1/tp5_demo/admin.php/Sys/sendEmail.ldf?page_num=10 [运行时间：1.195948s][吞吐率：0.84req/s] [内存消耗：4,617.86kb] [文件加载：69]
[ info ] [ DB ] INIT mysql
[ info ] [ SESSION ] INIT array (
  'id' => '',
  'var_session_id' => '',
  'prefix' => 'think',
  'type' => '',
  'auto_start' => true,
)
[ info ] [ CACHE ] INIT File
[ info ] [ LANG ] D:\wamp64\www\tp5_demo\thinkphp\lang\zh-cn.php
[ info ] [ BIND ] 'admin'
[ info ] [ ROUTE ] array (
  'type' => 'module',
  'module' => 
  array (
    0 => 'admin',
    1 => 'Sys',
    2 => 'sendEmail',
  ),
)
[ info ] [ HEADER ] array (
  'host' => '172.25.131.1',
  'user-agent' => 'Mozilla/5.0 (Windows NT 10.0; WOW64; rv:55.0) Gecko/20100101 Firefox/55.0',
  'accept' => 'application/json, text/javascript, */*; q=0.01',
  'accept-language' => 'zh-CN,zh;q=0.8,en-US;q=0.5,en;q=0.3',
  'accept-encoding' => 'gzip, deflate',
  'content-type' => 'application/x-www-form-urlencoded; charset=UTF-8',
  'x-requested-with' => 'XMLHttpRequest',
  'referer' => 'http://172.25.131.1/tp5_demo/admin.php/6202/237.ldf',
  'content-length' => '65',
  'cookie' => 'PHPSESSID=0127010d79cb9e24aee8bf14aa27e3ae',
  'connection' => 'keep-alive',
)
[ info ] [ PARAM ] array (
  'page_num' => '10',
  'id' => '1',
  'name' => 'ada ',
  'email' => '898303969@qq.com',
  'cc' => '',
  'title' => 'as',
  'content' => 'sada',
)
[ info ] [ RUN ] app\admin\controller\Sys->sendEmail[ D:\wamp64\www\tp5_demo\app\admin\controller\Sys.php ]
[ info ] [ LOG ] INIT File
[ sql ] [ DB ] CONNECT:[ UseTime:0.088367s ] mysql:dbname=yolailatop;host=121.40.199.238;port=3306;charset=utf8
[ sql ] [ SQL ] SHOW COLUMNS FROM `wj_alipay_config` [ RunTime:0.074617s ]
[ sql ] [ SQL ] SHOW COLUMNS FROM `wj_cmb_config` [ RunTime:0.071802s ]
[ sql ] [ SQL ] SHOW COLUMNS FROM `wj_wechat_info` [ RunTime:0.065676s ]
[ sql ] [ SQL ] SHOW COLUMNS FROM `wj_background_menu` [ RunTime:0.060272s ]
[ sql ] [ SQL ] SELECT `id`,`pid`,`action_name`,`route_url` FROM `wj_background_menu` WHERE  `is_enabled` = 1 [ RunTime:0.058938s ]
---------------------------------------------------------------
[ 2017-09-13T09:48:34+08:00 ] 172.25.131.1 172.25.131.1 POST /tp5_demo/admin.php/Sys/sendEmail.ldf?page_num=10
[ info ] 172.25.131.1/tp5_demo/admin.php/Sys/sendEmail.ldf?page_num=10 [运行时间：1.154670s][吞吐率：0.87req/s] [内存消耗：4,617.86kb] [文件加载：69]
[ info ] [ DB ] INIT mysql
[ info ] [ SESSION ] INIT array (
  'id' => '',
  'var_session_id' => '',
  'prefix' => 'think',
  'type' => '',
  'auto_start' => true,
)
[ info ] [ CACHE ] INIT File
[ info ] [ LANG ] D:\wamp64\www\tp5_demo\thinkphp\lang\zh-cn.php
[ info ] [ BIND ] 'admin'
[ info ] [ ROUTE ] array (
  'type' => 'module',
  'module' => 
  array (
    0 => 'admin',
    1 => 'Sys',
    2 => 'sendEmail',
  ),
)
[ info ] [ HEADER ] array (
  'host' => '172.25.131.1',
  'user-agent' => 'Mozilla/5.0 (Windows NT 10.0; WOW64; rv:55.0) Gecko/20100101 Firefox/55.0',
  'accept' => 'application/json, text/javascript, */*; q=0.01',
  'accept-language' => 'zh-CN,zh;q=0.8,en-US;q=0.5,en;q=0.3',
  'accept-encoding' => 'gzip, deflate',
  'content-type' => 'application/x-www-form-urlencoded; charset=UTF-8',
  'x-requested-with' => 'XMLHttpRequest',
  'referer' => 'http://172.25.131.1/tp5_demo/admin.php/6202/237.ldf',
  'content-length' => '65',
  'cookie' => 'PHPSESSID=0127010d79cb9e24aee8bf14aa27e3ae',
  'connection' => 'keep-alive',
)
[ info ] [ PARAM ] array (
  'page_num' => '10',
  'id' => '1',
  'name' => 'ada ',
  'email' => '898303969@qq.com',
  'cc' => '',
  'title' => 'as',
  'content' => 'sada',
)
[ info ] [ RUN ] app\admin\controller\Sys->sendEmail[ D:\wamp64\www\tp5_demo\app\admin\controller\Sys.php ]
[ info ] [ LOG ] INIT File
[ sql ] [ DB ] CONNECT:[ UseTime:0.097709s ] mysql:dbname=yolailatop;host=121.40.199.238;port=3306;charset=utf8
[ sql ] [ SQL ] SHOW COLUMNS FROM `wj_alipay_config` [ RunTime:0.068268s ]
[ sql ] [ SQL ] SHOW COLUMNS FROM `wj_cmb_config` [ RunTime:0.071898s ]
[ sql ] [ SQL ] SHOW COLUMNS FROM `wj_wechat_info` [ RunTime:0.067402s ]
[ sql ] [ SQL ] SHOW COLUMNS FROM `wj_background_menu` [ RunTime:0.068039s ]
[ sql ] [ SQL ] SELECT `id`,`pid`,`action_name`,`route_url` FROM `wj_background_menu` WHERE  `is_enabled` = 1 [ RunTime:0.064838s ]
---------------------------------------------------------------
[ 2017-09-13T09:48:42+08:00 ] 172.25.131.1 172.25.131.1 POST /tp5_demo/admin.php/Sys/sendEmail.ldf?page_num=10
[ info ] 172.25.131.1/tp5_demo/admin.php/Sys/sendEmail.ldf?page_num=10 [运行时间：1.086497s][吞吐率：0.92req/s] [内存消耗：4,617.86kb] [文件加载：69]
[ info ] [ DB ] INIT mysql
[ info ] [ SESSION ] INIT array (
  'id' => '',
  'var_session_id' => '',
  'prefix' => 'think',
  'type' => '',
  'auto_start' => true,
)
[ info ] [ CACHE ] INIT File
[ info ] [ LANG ] D:\wamp64\www\tp5_demo\thinkphp\lang\zh-cn.php
[ info ] [ BIND ] 'admin'
[ info ] [ ROUTE ] array (
  'type' => 'module',
  'module' => 
  array (
    0 => 'admin',
    1 => 'Sys',
    2 => 'sendEmail',
  ),
)
[ info ] [ HEADER ] array (
  'host' => '172.25.131.1',
  'user-agent' => 'Mozilla/5.0 (Windows NT 10.0; WOW64; rv:55.0) Gecko/20100101 Firefox/55.0',
  'accept' => 'application/json, text/javascript, */*; q=0.01',
  'accept-language' => 'zh-CN,zh;q=0.8,en-US;q=0.5,en;q=0.3',
  'accept-encoding' => 'gzip, deflate',
  'content-type' => 'application/x-www-form-urlencoded; charset=UTF-8',
  'x-requested-with' => 'XMLHttpRequest',
  'referer' => 'http://172.25.131.1/tp5_demo/admin.php/6202/237.ldf',
  'content-length' => '65',
  'cookie' => 'PHPSESSID=0127010d79cb9e24aee8bf14aa27e3ae',
  'connection' => 'keep-alive',
)
[ info ] [ PARAM ] array (
  'page_num' => '10',
  'id' => '1',
  'name' => 'ada ',
  'email' => '898303969@qq.com',
  'cc' => '',
  'title' => 'as',
  'content' => 'sada',
)
[ info ] [ RUN ] app\admin\controller\Sys->sendEmail[ D:\wamp64\www\tp5_demo\app\admin\controller\Sys.php ]
[ info ] [ LOG ] INIT File
[ sql ] [ DB ] CONNECT:[ UseTime:0.092394s ] mysql:dbname=yolailatop;host=121.40.199.238;port=3306;charset=utf8
[ sql ] [ SQL ] SHOW COLUMNS FROM `wj_alipay_config` [ RunTime:0.060354s ]
[ sql ] [ SQL ] SHOW COLUMNS FROM `wj_cmb_config` [ RunTime:0.061861s ]
[ sql ] [ SQL ] SHOW COLUMNS FROM `wj_wechat_info` [ RunTime:0.060266s ]
[ sql ] [ SQL ] SHOW COLUMNS FROM `wj_background_menu` [ RunTime:0.077685s ]
[ sql ] [ SQL ] SELECT `id`,`pid`,`action_name`,`route_url` FROM `wj_background_menu` WHERE  `is_enabled` = 1 [ RunTime:0.058697s ]
---------------------------------------------------------------
[ 2017-09-13T09:57:55+08:00 ] 172.25.131.1 172.25.131.1 POST /tp5_demo/admin.php/Sys/sendEmail.ldf?page_num=10
[ info ] 172.25.131.1/tp5_demo/admin.php/Sys/sendEmail.ldf?page_num=10 [运行时间：1.972522s][吞吐率：0.51req/s] [内存消耗：4,618.14kb] [文件加载：69]
[ info ] [ DB ] INIT mysql
[ info ] [ SESSION ] INIT array (
  'id' => '',
  'var_session_id' => '',
  'prefix' => 'think',
  'type' => '',
  'auto_start' => true,
)
[ info ] [ CACHE ] INIT File
[ info ] [ LANG ] D:\wamp64\www\tp5_demo\thinkphp\lang\zh-cn.php
[ info ] [ BIND ] 'admin'
[ info ] [ ROUTE ] array (
  'type' => 'module',
  'module' => 
  array (
    0 => 'admin',
    1 => 'Sys',
    2 => 'sendEmail',
  ),
)
[ info ] [ HEADER ] array (
  'host' => '172.25.131.1',
  'user-agent' => 'Mozilla/5.0 (Windows NT 10.0; WOW64; rv:55.0) Gecko/20100101 Firefox/55.0',
  'accept' => 'application/json, text/javascript, */*; q=0.01',
  'accept-language' => 'zh-CN,zh;q=0.8,en-US;q=0.5,en;q=0.3',
  'accept-encoding' => 'gzip, deflate',
  'content-type' => 'application/x-www-form-urlencoded; charset=UTF-8',
  'x-requested-with' => 'XMLHttpRequest',
  'referer' => 'http://172.25.131.1/tp5_demo/admin.php/6202/237.ldf',
  'content-length' => '65',
  'cookie' => 'PHPSESSID=0127010d79cb9e24aee8bf14aa27e3ae',
  'connection' => 'keep-alive',
)
[ info ] [ PARAM ] array (
  'page_num' => '10',
  'id' => '1',
  'name' => 'ada ',
  'email' => '898303969@qq.com',
  'cc' => '',
  'title' => 'as',
  'content' => 'sada',
)
[ info ] [ RUN ] app\admin\controller\Sys->sendEmail[ D:\wamp64\www\tp5_demo\app\admin\controller\Sys.php ]
[ info ] [ LOG ] INIT File
[ sql ] [ DB ] CONNECT:[ UseTime:0.117062s ] mysql:dbname=yolailatop;host=121.40.199.238;port=3306;charset=utf8
[ sql ] [ SQL ] SHOW COLUMNS FROM `wj_alipay_config` [ RunTime:0.381408s ]
[ sql ] [ SQL ] SHOW COLUMNS FROM `wj_cmb_config` [ RunTime:0.076712s ]
[ sql ] [ SQL ] SHOW COLUMNS FROM `wj_wechat_info` [ RunTime:0.075924s ]
[ sql ] [ SQL ] SHOW COLUMNS FROM `wj_background_menu` [ RunTime:0.075645s ]
[ sql ] [ SQL ] SELECT `id`,`pid`,`action_name`,`route_url` FROM `wj_background_menu` WHERE  `is_enabled` = 1 [ RunTime:0.111925s ]
---------------------------------------------------------------
[ 2017-09-13T10:06:32+08:00 ] 172.25.131.1 172.25.131.1 POST /tp5_demo/admin.php/Sys/sendEmail.ldf?page_num=10
[ info ] 172.25.131.1/tp5_demo/admin.php/Sys/sendEmail.ldf?page_num=10 [运行时间：1.265005s][吞吐率：0.79req/s] [内存消耗：4,618.14kb] [文件加载：69]
[ info ] [ DB ] INIT mysql
[ info ] [ SESSION ] INIT array (
  'id' => '',
  'var_session_id' => '',
  'prefix' => 'think',
  'type' => '',
  'auto_start' => true,
)
[ info ] [ CACHE ] INIT File
[ info ] [ LANG ] D:\wamp64\www\tp5_demo\thinkphp\lang\zh-cn.php
[ info ] [ BIND ] 'admin'
[ info ] [ ROUTE ] array (
  'type' => 'module',
  'module' => 
  array (
    0 => 'admin',
    1 => 'Sys',
    2 => 'sendEmail',
  ),
)
[ info ] [ HEADER ] array (
  'host' => '172.25.131.1',
  'user-agent' => 'Mozilla/5.0 (Windows NT 10.0; WOW64; rv:55.0) Gecko/20100101 Firefox/55.0',
  'accept' => 'application/json, text/javascript, */*; q=0.01',
  'accept-language' => 'zh-CN,zh;q=0.8,en-US;q=0.5,en;q=0.3',
  'accept-encoding' => 'gzip, deflate',
  'content-type' => 'application/x-www-form-urlencoded; charset=UTF-8',
  'x-requested-with' => 'XMLHttpRequest',
  'referer' => 'http://172.25.131.1/tp5_demo/admin.php/6202/237.ldf',
  'content-length' => '65',
  'cookie' => 'PHPSESSID=0127010d79cb9e24aee8bf14aa27e3ae',
  'connection' => 'keep-alive',
)
[ info ] [ PARAM ] array (
  'page_num' => '10',
  'id' => '1',
  'name' => 'ada ',
  'email' => '898303969@qq.com',
  'cc' => '',
  'title' => 'as',
  'content' => 'sada',
)
[ info ] [ RUN ] app\admin\controller\Sys->sendEmail[ D:\wamp64\www\tp5_demo\app\admin\controller\Sys.php ]
[ info ] [ LOG ] INIT File
[ sql ] [ DB ] CONNECT:[ UseTime:0.109546s ] mysql:dbname=yolailatop;host=121.40.199.238;port=3306;charset=utf8
[ sql ] [ SQL ] SHOW COLUMNS FROM `wj_alipay_config` [ RunTime:0.077755s ]
[ sql ] [ SQL ] SHOW COLUMNS FROM `wj_cmb_config` [ RunTime:0.079109s ]
[ sql ] [ SQL ] SHOW COLUMNS FROM `wj_wechat_info` [ RunTime:0.075520s ]
[ sql ] [ SQL ] SHOW COLUMNS FROM `wj_background_menu` [ RunTime:0.084863s ]
[ sql ] [ SQL ] SELECT `id`,`pid`,`action_name`,`route_url` FROM `wj_background_menu` WHERE  `is_enabled` = 1 [ RunTime:0.075428s ]
---------------------------------------------------------------
[ 2017-09-13T10:08:08+08:00 ] 172.25.131.1 172.25.131.1 POST /tp5_demo/admin.php/Sys/sendEmail.ldf?page_num=10
[ info ] 172.25.131.1/tp5_demo/admin.php/Sys/sendEmail.ldf?page_num=10 [运行时间：1.407752s][吞吐率：0.71req/s] [内存消耗：4,618.52kb] [文件加载：69]
[ info ] [ DB ] INIT mysql
[ info ] [ SESSION ] INIT array (
  'id' => '',
  'var_session_id' => '',
  'prefix' => 'think',
  'type' => '',
  'auto_start' => true,
)
[ info ] [ CACHE ] INIT File
[ info ] [ LANG ] D:\wamp64\www\tp5_demo\thinkphp\lang\zh-cn.php
[ info ] [ BIND ] 'admin'
[ info ] [ ROUTE ] array (
  'type' => 'module',
  'module' => 
  array (
    0 => 'admin',
    1 => 'Sys',
    2 => 'sendEmail',
  ),
)
[ info ] [ HEADER ] array (
  'host' => '172.25.131.1',
  'user-agent' => 'Mozilla/5.0 (Windows NT 10.0; WOW64; rv:55.0) Gecko/20100101 Firefox/55.0',
  'accept' => 'application/json, text/javascript, */*; q=0.01',
  'accept-language' => 'zh-CN,zh;q=0.8,en-US;q=0.5,en;q=0.3',
  'accept-encoding' => 'gzip, deflate',
  'content-type' => 'application/x-www-form-urlencoded; charset=UTF-8',
  'x-requested-with' => 'XMLHttpRequest',
  'referer' => 'http://172.25.131.1/tp5_demo/admin.php/6202/237.ldf',
  'content-length' => '65',
  'cookie' => 'PHPSESSID=0127010d79cb9e24aee8bf14aa27e3ae',
  'connection' => 'keep-alive',
)
[ info ] [ PARAM ] array (
  'page_num' => '10',
  'id' => '1',
  'name' => 'ada ',
  'email' => '898303969@qq.com',
  'cc' => '',
  'title' => 'as',
  'content' => 'sada',
)
[ info ] [ RUN ] app\admin\controller\Sys->sendEmail[ D:\wamp64\www\tp5_demo\app\admin\controller\Sys.php ]
[ info ] [ LOG ] INIT File
[ sql ] [ DB ] CONNECT:[ UseTime:0.090755s ] mysql:dbname=yolailatop;host=121.40.199.238;port=3306;charset=utf8
[ sql ] [ SQL ] SHOW COLUMNS FROM `wj_alipay_config` [ RunTime:0.057247s ]
[ sql ] [ SQL ] SHOW COLUMNS FROM `wj_cmb_config` [ RunTime:0.064492s ]
[ sql ] [ SQL ] SHOW COLUMNS FROM `wj_wechat_info` [ RunTime:0.059553s ]
[ sql ] [ SQL ] SHOW COLUMNS FROM `wj_background_menu` [ RunTime:0.311262s ]
[ sql ] [ SQL ] SELECT `id`,`pid`,`action_name`,`route_url` FROM `wj_background_menu` WHERE  `is_enabled` = 1 [ RunTime:0.087552s ]
---------------------------------------------------------------
[ 2017-09-13T10:14:45+08:00 ] 172.25.131.1 172.25.131.1 GET /tp5_demo/admin.php/6202/237.ldf
[ info ] 172.25.131.1/tp5_demo/admin.php/6202/237.ldf [运行时间：0.997005s][吞吐率：1.00req/s] [内存消耗：4,593.84kb] [文件加载：78]
[ info ] [ DB ] INIT mysql
[ info ] [ SESSION ] INIT array (
  'id' => '',
  'var_session_id' => '',
  'prefix' => 'think',
  'type' => '',
  'auto_start' => true,
)
[ info ] [ CACHE ] INIT File
[ info ] [ LANG ] D:\wamp64\www\tp5_demo\thinkphp\lang\zh-cn.php
[ info ] [ BIND ] 'admin'
[ info ] [ ROUTE ] array (
  'type' => 'module',
  'module' => 
  array (
    0 => 'admin',
    1 => 'Sys',
    2 => 'emailList',
  ),
  'convert' => false,
)
[ info ] [ HEADER ] array (
  'host' => '172.25.131.1',
  'user-agent' => 'Mozilla/5.0 (Windows NT 10.0; WOW64; rv:55.0) Gecko/20100101 Firefox/55.0',
  'accept' => 'text/html,application/xhtml+xml,application/xml;q=0.9,*/*;q=0.8',
  'accept-language' => 'zh-CN,zh;q=0.8,en-US;q=0.5,en;q=0.3',
  'accept-encoding' => 'gzip, deflate',
  'cookie' => 'PHPSESSID=0127010d79cb9e24aee8bf14aa27e3ae',
  'connection' => 'keep-alive',
  'upgrade-insecure-requests' => '1',
  'if-modified-since' => 'Wed, 13 Sep 2017 01:31:02 GMT',
  'cache-control' => 'max-age=0',
)
[ info ] [ PARAM ] array (
  'md' => '237',
)
[ info ] [ RUN ] app\admin\controller\Sys->emailList[ D:\wamp64\www\tp5_demo\app\admin\controller\Sys.php ]
[ info ] [ VIEW ] D:\wamp64\www\tp5_demo/app/admin\view\sys\emailList.html [ array (
  0 => 'page',
  1 => 'email_list',
) ]
[ info ] [ RUN ] app\admin\widget\NavBar->seo[ D:\wamp64\www\tp5_demo\app\admin\widget\NavBar.php ]
[ info ] [ VIEW ] D:\wamp64\www\tp5_demo/app/admin\view\public\seo.html [ array (
  0 => 'page',
  1 => 'email_list',
  2 => 'base_info',
) ]
[ info ] [ RUN ] app\admin\widget\NavBar->header[ D:\wamp64\www\tp5_demo\app\admin\widget\NavBar.php ]
[ info ] [ VIEW ] D:\wamp64\www\tp5_demo/app/admin\view\public\header.html [ array (
  0 => 'page',
  1 => 'email_list',
  2 => 'base_info',
  3 => 'header_info',
) ]
[ info ] [ RUN ] app\admin\widget\NavBar->leftMenu[ D:\wamp64\www\tp5_demo\app\admin\widget\NavBar.php ]
[ info ] [ VIEW ] D:\wamp64\www\tp5_demo/app/admin\view\public\leftMenu.html [ array (
  0 => 'page',
  1 => 'email_list',
  2 => 'base_info',
  3 => 'header_info',
  4 => 'menu_list',
) ]
[ info ] [ RUN ] app\admin\widget\NavBar->footer[ D:\wamp64\www\tp5_demo\app\admin\widget\NavBar.php ]
[ info ] [ VIEW ] D:\wamp64\www\tp5_demo/app/admin\view\public\footer.html [ array (
  0 => 'page',
  1 => 'email_list',
  2 => 'base_info',
  3 => 'header_info',
  4 => 'menu_list',
  5 => 'foot_info',
) ]
[ info ] [ LOG ] INIT File
[ sql ] [ DB ] CONNECT:[ UseTime:0.096988s ] mysql:dbname=yolailatop;host=121.40.199.238;port=3306;charset=utf8
[ sql ] [ SQL ] SHOW COLUMNS FROM `wj_alipay_config` [ RunTime:0.066665s ]
[ sql ] [ SQL ] SHOW COLUMNS FROM `wj_cmb_config` [ RunTime:0.066121s ]
[ sql ] [ SQL ] SHOW COLUMNS FROM `wj_wechat_info` [ RunTime:0.068404s ]
[ sql ] [ SQL ] SHOW COLUMNS FROM `wj_background_menu` [ RunTime:0.066807s ]
[ sql ] [ SQL ] SELECT `id`,`pid`,`action_name`,`route_url` FROM `wj_background_menu` WHERE  `is_enabled` = 1 [ RunTime:0.066149s ]
[ sql ] [ SQL ] SHOW COLUMNS FROM `wj_email_config` [ RunTime:0.071213s ]
[ sql ] [ SQL ] SELECT COUNT(*) AS tp_count FROM `wj_email_config` WHERE  `admin_id` = 10000 LIMIT 1 [ RunTime:0.063449s ]
[ sql ] [ SQL ] SELECT `id`,`admin_id`,`name`,`email`,`password`,`mail_port`,`reply_mail`,`host`,`is_enabled`,`sort`,`create_time`,`update_time` FROM `wj_email_config` WHERE  `admin_id` = 10000 ORDER BY sort asc LIMIT 0,10 [ RunTime:0.063571s ]
[ sql ] [ SQL ] SHOW COLUMNS FROM `wj_site_info` [ RunTime:0.068066s ]
[ sql ] [ SQL ] SELECT `pid`,`levle` FROM `wj_background_menu` WHERE  `id` = 237 LIMIT 1 [ RunTime:0.072523s ]
